0 info it worked if it ends with ok
1 verbose cli [ 'C:\\development\\install\\nodejsv01028\\\\node.exe',
1 verbose cli   'C:\\development\\install\\nodejsv01028\\node_modules\\npm\\bin\\npm-cli.js',
1 verbose cli   'install' ]
2 info using npm@1.4.9
3 info using node@v0.10.28
4 verbose node symlink C:\development\install\nodejsv01028\\node.exe
5 error install Couldn't read dependencies
6 error package.json ENOENT, open 'C:\development\project\xuexiliahua\kaifa1\package.json'
6 error package.json This is most likely not a problem with npm itself.
6 error package.json npm can't find a package.json file in your current directory.
7 error System Windows_NT 5.1.2600
8 error command "C:\\development\\install\\nodejsv01028\\\\node.exe" "C:\\development\\install\\nodejsv01028\\node_modules\\npm\\bin\\npm-cli.js" "install"
9 error cwd C:\development\project\xuexiliahua\kaifa1\wangye\mokai
10 error node -v v0.10.28
11 error npm -v 1.4.9
12 error path C:\development\project\xuexiliahua\kaifa1\package.json
13 error code ENOPACKAGEJSON
14 error errno 34
15 verbose exit [ 34, true ]
